2020-04-05 20:43:28 [main] FATAL by.matusevich.dao.impl.FileTriangleDao - FILE src/main/resources/file1.txt DOES NOT EXIST
2020-04-05 21:36:30 [main] FATAL by.matusevich.dao.impl.FileTriangleDao - FILE file.txt DOES NOT EXIST
2020-04-05 21:37:22 [main] INFO  by.matusevich.dao.impl.FileTriangleDao - READING THE FILE SUCCESSFULLY: src/main/resources/file.txt
2020-04-05 21:39:32 [main] FATAL by.matusevich.dao.impl.FileTriangleDao - FILE src/main/resources/file1.txt DOES NOT EXIST
2020-04-05 21:40:32 [main] ERROR by.matusevich.dao.impl.FileTriangleDao - FILE src/main/resources/test_file.txt IS EMPTY
2020-04-05 21:42:21 [main] FATAL by.matusevich.dao.impl.FileTriangleDao - FILE  DOES NOT EXIST
2020-04-05 21:47:35 [main] INFO  by.matusevich.dao.impl.FileTriangleDao - READING THE FILE SUCCESSFULLY: src/main/resources/file.txt
2020-04-05 21:48:28 [main] INFO  by.matusevich.dao.impl.FileTriangleDao - READING THE FILE SUCCESSFULLY: src/main/resources/file.txt
2020-04-05 22:00:16 [main] ERROR by.matusevich.model.entity.Triangle - IT ISN'T TRIANGLE
2020-04-05 22:08:29 [main] ERROR matusevich.model.service.impl.TriangleServiceImpl - IT ISN'T TRIANGLE
2020-04-05 22:09:23 [main] ERROR matusevich.model.service.impl.TriangleServiceImpl - IT ISN'T TRIANGLE
2020-04-05 22:14:55 [main] ERROR matusevich.model.service.impl.TriangleServiceImpl - IT ISN'T TRIANGLE
2020-04-05 22:15:58 [main] ERROR by.matusevich.model.entity.Triangle - IT ISN'T TRIANGLE
2020-04-05 22:16:15 [main] ERROR by.matusevich.model.entity.Triangle - IT ISN'T TRIANGLE
2020-04-05 22:16:15 [main] ERROR matusevich.model.service.impl.TriangleServiceImpl - IT ISN'T TRIANGLE
2020-04-05 22:16:15 [main] ERROR by.matusevich.model.entity.Triangle - IT ISN'T TRIANGLE
2020-04-05 22:16:15 [main] ERROR matusevich.model.service.impl.TriangleServiceImpl - IT ISN'T TRIANGLE
2020-04-06 08:40:53 [main] ERROR by.matusevich.parser.impl.TriangleParserImpl - THE VALUE IS NULL
2020-04-06 19:10:49 [main] FATAL by.matusevich.reader.impl.TriangleReaderImpl - error working with the file: src/main/resources/file1.txt
java.io.FileNotFoundException: src\main\resources\file1.txt (Не удается найти указанный файл)
	at java.io.FileInputStream.open0(Native Method) ~[?:1.8.0_181]
	at java.io.FileInputStream.open(FileInputStream.java:195) ~[?:1.8.0_181]
	at java.io.FileInputStream.<init>(FileInputStream.java:138) ~[?:1.8.0_181]
	at java.io.FileInputStream.<init>(FileInputStream.java:93) ~[?:1.8.0_181]
	at java.io.FileReader.<init>(FileReader.java:58) ~[?:1.8.0_181]
	at shapes.by.matusevich.reader.impl.TriangleReaderImpl.reedAllData(TriangleReaderImpl.java:26) [classes/:?]
	at shapes.by.matusevich.reader.TriangleReaderImplTest.reedAllDataTestExceptionsFileNotExist(TriangleReaderImplTest.java:53) [test-classes/:?]
	at sun.reflect.NativeMethodAccessorImpl.invoke0(Native Method) ~[?:1.8.0_181]
	at sun.reflect.NativeMethodAccessorImpl.invoke(NativeMethodAccessorImpl.java:62) ~[?:1.8.0_181]
	at sun.reflect.DelegatingMethodAccessorImpl.invoke(DelegatingMethodAccessorImpl.java:43) ~[?:1.8.0_181]
	at java.lang.reflect.Method.invoke(Method.java:498) ~[?:1.8.0_181]
	at org.testng.internal.MethodInvocationHelper.invokeMethod(MethodInvocationHelper.java:84) [testng-6.8.7.jar:?]
	at org.testng.internal.Invoker.invokeMethod(Invoker.java:714) [testng-6.8.7.jar:?]
	at org.testng.internal.Invoker.invokeTestMethod(Invoker.java:901) [testng-6.8.7.jar:?]
	at org.testng.internal.Invoker.invokeTestMethods(Invoker.java:1231) [testng-6.8.7.jar:?]
	at org.testng.internal.TestMethodWorker.invokeTestMethods(TestMethodWorker.java:127) [testng-6.8.7.jar:?]
	at org.testng.internal.TestMethodWorker.run(TestMethodWorker.java:111) [testng-6.8.7.jar:?]
	at org.testng.TestRunner.privateRun(TestRunner.java:767) [testng-6.8.7.jar:?]
	at org.testng.TestRunner.run(TestRunner.java:617) [testng-6.8.7.jar:?]
	at org.testng.SuiteRunner.runTest(SuiteRunner.java:334) [testng-6.8.7.jar:?]
	at org.testng.SuiteRunner.runSequentially(SuiteRunner.java:329) [testng-6.8.7.jar:?]
	at org.testng.SuiteRunner.privateRun(SuiteRunner.java:291) [testng-6.8.7.jar:?]
	at org.testng.SuiteRunner.run(SuiteRunner.java:240) [testng-6.8.7.jar:?]
	at org.testng.SuiteRunnerWorker.runSuite(SuiteRunnerWorker.java:52) [testng-6.8.7.jar:?]
	at org.testng.SuiteRunnerWorker.run(SuiteRunnerWorker.java:86) [testng-6.8.7.jar:?]
	at org.testng.TestNG.runSuitesSequentially(TestNG.java:1224) [testng-6.8.7.jar:?]
	at org.testng.TestNG.runSuitesLocally(TestNG.java:1149) [testng-6.8.7.jar:?]
	at org.testng.TestNG.run(TestNG.java:1057) [testng-6.8.7.jar:?]
	at org.testng.IDEARemoteTestNG.run(IDEARemoteTestNG.java:73) [testng-plugin.jar:?]
	at org.testng.RemoteTestNGStarter.main(RemoteTestNGStarter.java:123) [testng-plugin.jar:?]
2020-04-06 19:11:17 [main] FATAL by.matusevich.reader.impl.TriangleReaderImpl - error working with the file: src/main/resources/file1.txt
java.io.FileNotFoundException: src\main\resources\file1.txt (Не удается найти указанный файл)
	at java.io.FileInputStream.open0(Native Method) ~[?:1.8.0_181]
	at java.io.FileInputStream.open(FileInputStream.java:195) ~[?:1.8.0_181]
	at java.io.FileInputStream.<init>(FileInputStream.java:138) ~[?:1.8.0_181]
	at java.io.FileInputStream.<init>(FileInputStream.java:93) ~[?:1.8.0_181]
	at java.io.FileReader.<init>(FileReader.java:58) ~[?:1.8.0_181]
	at shapes.by.matusevich.reader.impl.TriangleReaderImpl.reedAllData(TriangleReaderImpl.java:26) [classes/:?]
	at shapes.by.matusevich.reader.TriangleReaderImplTest.reedAllDataTestExceptionsFileNotExist(TriangleReaderImplTest.java:53) [test-classes/:?]
	at sun.reflect.NativeMethodAccessorImpl.invoke0(Native Method) ~[?:1.8.0_181]
	at sun.reflect.NativeMethodAccessorImpl.invoke(NativeMethodAccessorImpl.java:62) ~[?:1.8.0_181]
	at sun.reflect.DelegatingMethodAccessorImpl.invoke(DelegatingMethodAccessorImpl.java:43) ~[?:1.8.0_181]
	at java.lang.reflect.Method.invoke(Method.java:498) ~[?:1.8.0_181]
	at org.testng.internal.MethodInvocationHelper.invokeMethod(MethodInvocationHelper.java:84) [testng-6.8.7.jar:?]
	at org.testng.internal.Invoker.invokeMethod(Invoker.java:714) [testng-6.8.7.jar:?]
	at org.testng.internal.Invoker.invokeTestMethod(Invoker.java:901) [testng-6.8.7.jar:?]
	at org.testng.internal.Invoker.invokeTestMethods(Invoker.java:1231) [testng-6.8.7.jar:?]
	at org.testng.internal.TestMethodWorker.invokeTestMethods(TestMethodWorker.java:127) [testng-6.8.7.jar:?]
	at org.testng.internal.TestMethodWorker.run(TestMethodWorker.java:111) [testng-6.8.7.jar:?]
	at org.testng.TestRunner.privateRun(TestRunner.java:767) [testng-6.8.7.jar:?]
	at org.testng.TestRunner.run(TestRunner.java:617) [testng-6.8.7.jar:?]
	at org.testng.SuiteRunner.runTest(SuiteRunner.java:334) [testng-6.8.7.jar:?]
	at org.testng.SuiteRunner.runSequentially(SuiteRunner.java:329) [testng-6.8.7.jar:?]
	at org.testng.SuiteRunner.privateRun(SuiteRunner.java:291) [testng-6.8.7.jar:?]
	at org.testng.SuiteRunner.run(SuiteRunner.java:240) [testng-6.8.7.jar:?]
	at org.testng.SuiteRunnerWorker.runSuite(SuiteRunnerWorker.java:52) [testng-6.8.7.jar:?]
	at org.testng.SuiteRunnerWorker.run(SuiteRunnerWorker.java:86) [testng-6.8.7.jar:?]
	at org.testng.TestNG.runSuitesSequentially(TestNG.java:1224) [testng-6.8.7.jar:?]
	at org.testng.TestNG.runSuitesLocally(TestNG.java:1149) [testng-6.8.7.jar:?]
	at org.testng.TestNG.run(TestNG.java:1057) [testng-6.8.7.jar:?]
	at org.testng.IDEARemoteTestNG.run(IDEARemoteTestNG.java:73) [testng-plugin.jar:?]
	at org.testng.RemoteTestNGStarter.main(RemoteTestNGStarter.java:123) [testng-plugin.jar:?]
2020-04-06 19:13:02 [main] FATAL by.matusevich.reader.impl.TriangleReaderImpl - error working with the file: src/main/resources/file1.txt
java.io.FileNotFoundException: src\main\resources\file1.txt (Не удается найти указанный файл)
	at java.io.FileInputStream.open0(Native Method) ~[?:1.8.0_181]
	at java.io.FileInputStream.open(FileInputStream.java:195) ~[?:1.8.0_181]
	at java.io.FileInputStream.<init>(FileInputStream.java:138) ~[?:1.8.0_181]
	at java.io.FileInputStream.<init>(FileInputStream.java:93) ~[?:1.8.0_181]
	at java.io.FileReader.<init>(FileReader.java:58) ~[?:1.8.0_181]
	at shapes.by.matusevich.reader.impl.TriangleReaderImpl.reedAllData(TriangleReaderImpl.java:26) [classes/:?]
	at shapes.by.matusevich.reader.TriangleReaderImplTest.reedAllDataTestExceptionsFileNotExist(TriangleReaderImplTest.java:53) [test-classes/:?]
	at sun.reflect.NativeMethodAccessorImpl.invoke0(Native Method) ~[?:1.8.0_181]
	at sun.reflect.NativeMethodAccessorImpl.invoke(NativeMethodAccessorImpl.java:62) ~[?:1.8.0_181]
	at sun.reflect.DelegatingMethodAccessorImpl.invoke(DelegatingMethodAccessorImpl.java:43) ~[?:1.8.0_181]
	at java.lang.reflect.Method.invoke(Method.java:498) ~[?:1.8.0_181]
	at org.testng.internal.MethodInvocationHelper.invokeMethod(MethodInvocationHelper.java:84) [testng-6.8.7.jar:?]
	at org.testng.internal.Invoker.invokeMethod(Invoker.java:714) [testng-6.8.7.jar:?]
	at org.testng.internal.Invoker.invokeTestMethod(Invoker.java:901) [testng-6.8.7.jar:?]
	at org.testng.internal.Invoker.invokeTestMethods(Invoker.java:1231) [testng-6.8.7.jar:?]
	at org.testng.internal.TestMethodWorker.invokeTestMethods(TestMethodWorker.java:127) [testng-6.8.7.jar:?]
	at org.testng.internal.TestMethodWorker.run(TestMethodWorker.java:111) [testng-6.8.7.jar:?]
	at org.testng.TestRunner.privateRun(TestRunner.java:767) [testng-6.8.7.jar:?]
	at org.testng.TestRunner.run(TestRunner.java:617) [testng-6.8.7.jar:?]
	at org.testng.SuiteRunner.runTest(SuiteRunner.java:334) [testng-6.8.7.jar:?]
	at org.testng.SuiteRunner.runSequentially(SuiteRunner.java:329) [testng-6.8.7.jar:?]
	at org.testng.SuiteRunner.privateRun(SuiteRunner.java:291) [testng-6.8.7.jar:?]
	at org.testng.SuiteRunner.run(SuiteRunner.java:240) [testng-6.8.7.jar:?]
	at org.testng.SuiteRunnerWorker.runSuite(SuiteRunnerWorker.java:52) [testng-6.8.7.jar:?]
	at org.testng.SuiteRunnerWorker.run(SuiteRunnerWorker.java:86) [testng-6.8.7.jar:?]
	at org.testng.TestNG.runSuitesSequentially(TestNG.java:1224) [testng-6.8.7.jar:?]
	at org.testng.TestNG.runSuitesLocally(TestNG.java:1149) [testng-6.8.7.jar:?]
	at org.testng.TestNG.run(TestNG.java:1057) [testng-6.8.7.jar:?]
	at org.testng.IDEARemoteTestNG.run(IDEARemoteTestNG.java:73) [testng-plugin.jar:?]
	at org.testng.RemoteTestNGStarter.main(RemoteTestNGStarter.java:123) [testng-plugin.jar:?]
2020-04-06 19:22:21 [main] FATAL by.matusevich.reader.impl.TriangleReaderImpl - error working with the file: src/main/resources/file1.txt
java.io.FileNotFoundException: src\main\resources\file1.txt (Не удается найти указанный файл)
	at java.io.FileInputStream.open0(Native Method) ~[?:1.8.0_181]
	at java.io.FileInputStream.open(FileInputStream.java:195) ~[?:1.8.0_181]
	at java.io.FileInputStream.<init>(FileInputStream.java:138) ~[?:1.8.0_181]
	at java.io.FileInputStream.<init>(FileInputStream.java:93) ~[?:1.8.0_181]
	at java.io.FileReader.<init>(FileReader.java:58) ~[?:1.8.0_181]
	at shapes.by.matusevich.reader.impl.TriangleReaderImpl.reedAllData(TriangleReaderImpl.java:27) [classes/:?]
	at shapes.by.matusevich.reader.TriangleReaderImplTest.reedAllDataTestExceptionsFileNotExist(TriangleReaderImplTest.java:54) [test-classes/:?]
	at sun.reflect.NativeMethodAccessorImpl.invoke0(Native Method) ~[?:1.8.0_181]
	at sun.reflect.NativeMethodAccessorImpl.invoke(NativeMethodAccessorImpl.java:62) ~[?:1.8.0_181]
	at sun.reflect.DelegatingMethodAccessorImpl.invoke(DelegatingMethodAccessorImpl.java:43) ~[?:1.8.0_181]
	at java.lang.reflect.Method.invoke(Method.java:498) ~[?:1.8.0_181]
	at org.testng.internal.MethodInvocationHelper.invokeMethod(MethodInvocationHelper.java:84) [testng-6.8.7.jar:?]
	at org.testng.internal.Invoker.invokeMethod(Invoker.java:714) [testng-6.8.7.jar:?]
	at org.testng.internal.Invoker.invokeTestMethod(Invoker.java:901) [testng-6.8.7.jar:?]
	at org.testng.internal.Invoker.invokeTestMethods(Invoker.java:1231) [testng-6.8.7.jar:?]
	at org.testng.internal.TestMethodWorker.invokeTestMethods(TestMethodWorker.java:127) [testng-6.8.7.jar:?]
	at org.testng.internal.TestMethodWorker.run(TestMethodWorker.java:111) [testng-6.8.7.jar:?]
	at org.testng.TestRunner.privateRun(TestRunner.java:767) [testng-6.8.7.jar:?]
	at org.testng.TestRunner.run(TestRunner.java:617) [testng-6.8.7.jar:?]
	at org.testng.SuiteRunner.runTest(SuiteRunner.java:334) [testng-6.8.7.jar:?]
	at org.testng.SuiteRunner.runSequentially(SuiteRunner.java:329) [testng-6.8.7.jar:?]
	at org.testng.SuiteRunner.privateRun(SuiteRunner.java:291) [testng-6.8.7.jar:?]
	at org.testng.SuiteRunner.run(SuiteRunner.java:240) [testng-6.8.7.jar:?]
	at org.testng.SuiteRunnerWorker.runSuite(SuiteRunnerWorker.java:52) [testng-6.8.7.jar:?]
	at org.testng.SuiteRunnerWorker.run(SuiteRunnerWorker.java:86) [testng-6.8.7.jar:?]
	at org.testng.TestNG.runSuitesSequentially(TestNG.java:1224) [testng-6.8.7.jar:?]
	at org.testng.TestNG.runSuitesLocally(TestNG.java:1149) [testng-6.8.7.jar:?]
	at org.testng.TestNG.run(TestNG.java:1057) [testng-6.8.7.jar:?]
	at org.testng.IDEARemoteTestNG.run(IDEARemoteTestNG.java:73) [testng-plugin.jar:?]
	at org.testng.RemoteTestNGStarter.main(RemoteTestNGStarter.java:123) [testng-plugin.jar:?]
2020-04-06 19:24:41 [main] FATAL by.matusevich.reader.impl.TriangleReaderImpl - file: src/main/resources/test_file.txt is empty
2020-04-06 19:28:23 [main] ERROR by.matusevich.model.entity.Triangle - IT ISN'T TRIANGLE
2020-04-06 19:28:23 [main] ERROR by.matusevich.model.entity.Triangle - IT ISN'T TRIANGLE
2020-04-06 19:29:14 [main] ERROR by.matusevich.model.entity.Triangle - IT ISN'T TRIANGLE
2020-04-06 19:29:14 [main] ERROR by.matusevich.model.entity.Triangle - IT ISN'T TRIANGLE
